{"C:\\Users\\Giorgi_Baramidze\\Desktop\\Authcryptosoc\\src\\Error.js": {"path":"C:\\Users\\Giorgi_Baramidze\\Desktop\\Authcryptosoc\\src\\Error.js","statementMap":{"0":{"start":{"line":3,"column":8},"end":{"line":3,"column":16}},"1":{"start":{"line":4,"column":8},"end":{"line":4,"column":35}},"2":{"start":{"line":5,"column":8},"end":{"line":12,"column":11}},"3":{"start":{"line":15,"column":8},"end":{"line":15,"column":49}},"4":{"start":{"line":18,"column":8},"end":{"line":18,"column":30}},"5":{"start":{"line":22,"column":0},"end":{"line":29,"column":30}},"6":{"start":{"line":23,"column":4},"end":{"line":23,"column":62}},"7":{"start":{"line":24,"column":4},"end":{"line":24,"column":60}},"8":{"start":{"line":25,"column":4},"end":{"line":25,"column":62}},"9":{"start":{"line":26,"column":4},"end":{"line":26,"column":66}},"10":{"start":{"line":27,"column":4},"end":{"line":27,"column":58}},"11":{"start":{"line":28,"column":4},"end":{"line":28,"column":48}}},"fnMap":{"0":{"name":"(anonymous_0)","decl":{"start":{"line":2,"column":4},"end":{"line":2,"column":5}},"loc":{"start":{"line":2,"column":27},"end":{"line":13,"column":5}},"line":2},"1":{"name":"(anonymous_1)","decl":{"start":{"line":14,"column":4},"end":{"line":14,"column":5}},"loc":{"start":{"line":14,"column":17},"end":{"line":16,"column":5}},"line":14},"2":{"name":"(anonymous_2)","decl":{"start":{"line":17,"column":4},"end":{"line":17,"column":5}},"loc":{"start":{"line":17,"column":19},"end":{"line":19,"column":5}},"line":17},"3":{"name":"(anonymous_3)","decl":{"start":{"line":22,"column":1},"end":{"line":22,"column":2}},"loc":{"start":{"line":22,"column":20},"end":{"line":29,"column":1}},"line":22}},"branchMap":{"0":{"loc":{"start":{"line":29,"column":3},"end":{"line":29,"column":28}},"type":"binary-expr","locations":[{"start":{"line":29,"column":3},"end":{"line":29,"column":10}},{"start":{"line":29,"column":15},"end":{"line":29,"column":27}}],"line":29}},"s":{"0":4,"1":4,"2":4,"3":4,"4":4,"5":2,"6":2,"7":2,"8":2,"9":2,"10":2,"11":2},"f":{"0":4,"1":4,"2":4,"3":2},"b":{"0":[2,2]},"_coverageSchema":"1a1c01bbd47fc00a2c39e90264f33305004495a9","hash":"535f58eb17399cb985ed8a61c52223742acc594b"}
,"C:\\Users\\Giorgi_Baramidze\\Desktop\\Authcryptosoc\\src\\Setup.js": {"path":"C:\\Users\\Giorgi_Baramidze\\Desktop\\Authcryptosoc\\src\\Setup.js","statementMap":{"0":{"start":{"line":6,"column":12},"end":{"line":6,"column":21}},"1":{"start":{"line":7,"column":0},"end":{"line":7,"column":24}},"2":{"start":{"line":8,"column":0},"end":{"line":8,"column":48}},"3":{"start":{"line":9,"column":0},"end":{"line":9,"column":24}},"4":{"start":{"line":10,"column":18},"end":{"line":12,"column":2}},"5":{"start":{"line":13,"column":0},"end":{"line":16,"column":3}},"6":{"start":{"line":17,"column":11},"end":{"line":17,"column":46}},"7":{"start":{"line":18,"column":0},"end":{"line":20,"column":3}},"8":{"start":{"line":19,"column":4},"end":{"line":19,"column":26}},"9":{"start":{"line":21,"column":0},"end":{"line":23,"column":3}},"10":{"start":{"line":22,"column":4},"end":{"line":22,"column":26}},"11":{"start":{"line":24,"column":0},"end":{"line":26,"column":3}},"12":{"start":{"line":25,"column":4},"end":{"line":25,"column":27}},"13":{"start":{"line":27,"column":0},"end":{"line":29,"column":3}},"14":{"start":{"line":28,"column":4},"end":{"line":28,"column":26}}},"fnMap":{"0":{"name":"(anonymous_0)","decl":{"start":{"line":18,"column":20},"end":{"line":18,"column":21}},"loc":{"start":{"line":18,"column":34},"end":{"line":20,"column":1}},"line":18},"1":{"name":"(anonymous_1)","decl":{"start":{"line":21,"column":20},"end":{"line":21,"column":21}},"loc":{"start":{"line":21,"column":34},"end":{"line":23,"column":1}},"line":21},"2":{"name":"(anonymous_2)","decl":{"start":{"line":24,"column":38},"end":{"line":24,"column":39}},"loc":{"start":{"line":24,"column":52},"end":{"line":26,"column":1}},"line":24},"3":{"name":"(anonymous_3)","decl":{"start":{"line":27,"column":37},"end":{"line":27,"column":38}},"loc":{"start":{"line":27,"column":51},"end":{"line":29,"column":1}},"line":27}},"branchMap":{},"s":{"0":2,"1":2,"2":2,"3":2,"4":2,"5":2,"6":2,"7":2,"8":5,"9":2,"10":7,"11":2,"12":0,"13":2,"14":0},"f":{"0":5,"1":7,"2":0,"3":0},"b":{},"_coverageSchema":"1a1c01bbd47fc00a2c39e90264f33305004495a9","hash":"9fb3aba97400be52091253b80da89308d053a7a0"}
,"C:\\Users\\Giorgi_Baramidze\\Desktop\\Authcryptosoc\\src\\Controller\\Auth.js": {"path":"C:\\Users\\Giorgi_Baramidze\\Desktop\\Authcryptosoc\\src\\Controller\\Auth.js","statementMap":{"0":{"start":{"line":6,"column":8},"end":{"line":6,"column":16}},"1":{"start":{"line":7,"column":8},"end":{"line":21,"column":10}},"2":{"start":{"line":8,"column":29},"end":{"line":12,"column":14}},"3":{"start":{"line":13,"column":12},"end":{"line":20,"column":13}},"4":{"start":{"line":14,"column":28},"end":{"line":14,"column":48}},"5":{"start":{"line":15,"column":32},"end":{"line":15,"column":60}},"6":{"start":{"line":16,"column":16},"end":{"line":16,"column":23}},"7":{"start":{"line":19,"column":16},"end":{"line":19,"column":83}},"8":{"start":{"line":22,"column":8},"end":{"line":22,"column":33}},"9":{"start":{"line":25,"column":44},"end":{"line":25,"column":52}},"10":{"start":{"line":26,"column":8},"end":{"line":32,"column":9}},"11":{"start":{"line":27,"column":12},"end":{"line":27,"column":65}},"12":{"start":{"line":28,"column":12},"end":{"line":28,"column":37}},"13":{"start":{"line":31,"column":12},"end":{"line":31,"column":43}},"14":{"start":{"line":35,"column":37},"end":{"line":35,"column":45}},"15":{"start":{"line":36,"column":8},"end":{"line":43,"column":9}},"16":{"start":{"line":37,"column":24},"end":{"line":37,"column":69}},"17":{"start":{"line":38,"column":12},"end":{"line":38,"column":39}},"18":{"start":{"line":39,"column":12},"end":{"line":39,"column":37}},"19":{"start":{"line":42,"column":12},"end":{"line":42,"column":43}},"20":{"start":{"line":46,"column":8},"end":{"line":46,"column":33}},"21":{"start":{"line":47,"column":8},"end":{"line":47,"column":33}},"22":{"start":{"line":50,"column":20},"end":{"line":50,"column":22}},"23":{"start":{"line":51,"column":8},"end":{"line":57,"column":9}},"24":{"start":{"line":52,"column":12},"end":{"line":52,"column":41}},"25":{"start":{"line":55,"column":12},"end":{"line":55,"column":79}},"26":{"start":{"line":56,"column":12},"end":{"line":56,"column":19}},"27":{"start":{"line":58,"column":8},"end":{"line":64,"column":9}},"28":{"start":{"line":59,"column":12},"end":{"line":59,"column":45}},"29":{"start":{"line":60,"column":12},"end":{"line":60,"column":37}},"30":{"start":{"line":63,"column":12},"end":{"line":63,"column":43}}},"fnMap":{"0":{"name":"(anonymous_0)","decl":{"start":{"line":5,"column":4},"end":{"line":5,"column":5}},"loc":{"start":{"line":5,"column":27},"end":{"line":23,"column":5}},"line":5},"1":{"name":"(anonymous_1)","decl":{"start":{"line":7,"column":27},"end":{"line":7,"column":28}},"loc":{"start":{"line":7,"column":53},"end":{"line":21,"column":9}},"line":7},"2":{"name":"(anonymous_2)","decl":{"start":{"line":24,"column":4},"end":{"line":24,"column":5}},"loc":{"start":{"line":24,"column":27},"end":{"line":33,"column":5}},"line":24},"3":{"name":"(anonymous_3)","decl":{"start":{"line":34,"column":4},"end":{"line":34,"column":5}},"loc":{"start":{"line":34,"column":27},"end":{"line":44,"column":5}},"line":34},"4":{"name":"(anonymous_4)","decl":{"start":{"line":45,"column":4},"end":{"line":45,"column":5}},"loc":{"start":{"line":45,"column":28},"end":{"line":48,"column":5}},"line":45},"5":{"name":"(anonymous_5)","decl":{"start":{"line":49,"column":4},"end":{"line":49,"column":5}},"loc":{"start":{"line":49,"column":27},"end":{"line":65,"column":5}},"line":49}},"branchMap":{"0":{"loc":{"start":{"line":51,"column":8},"end":{"line":57,"column":9}},"type":"if","locations":[{"start":{"line":51,"column":8},"end":{"line":57,"column":9}},{"start":{"line":54,"column":13},"end":{"line":57,"column":9}}],"line":51},"1":{"loc":{"start":{"line":51,"column":12},"end":{"line":51,"column":75}},"type":"binary-expr","locations":[{"start":{"line":51,"column":12},"end":{"line":51,"column":37}},{"start":{"line":51,"column":41},"end":{"line":51,"column":75}}],"line":51}},"s":{"0":2,"1":2,"2":0,"3":0,"4":0,"5":0,"6":0,"7":0,"8":2,"9":5,"10":5,"11":5,"12":4,"13":1,"14":7,"15":7,"16":7,"17":4,"18":4,"19":3,"20":0,"21":0,"22":0,"23":0,"24":0,"25":0,"26":0,"27":0,"28":0,"29":0,"30":0},"f":{"0":2,"1":0,"2":5,"3":7,"4":0,"5":0},"b":{"0":[0,0],"1":[0,0]},"_coverageSchema":"1a1c01bbd47fc00a2c39e90264f33305004495a9","hash":"140b42bf5c0dbfb7fe24510a265a46019b28ab70"}
,"C:\\Users\\Giorgi_Baramidze\\Desktop\\Authcryptosoc\\src\\Controller\\Base.js": {"path":"C:\\Users\\Giorgi_Baramidze\\Desktop\\Authcryptosoc\\src\\Controller\\Base.js","statementMap":{"0":{"start":{"line":3,"column":8},"end":{"line":3,"column":97}},"1":{"start":{"line":6,"column":8},"end":{"line":6,"column":58}}},"fnMap":{"0":{"name":"(anonymous_0)","decl":{"start":{"line":2,"column":4},"end":{"line":2,"column":5}},"loc":{"start":{"line":2,"column":30},"end":{"line":4,"column":5}},"line":2},"1":{"name":"(anonymous_1)","decl":{"start":{"line":5,"column":4},"end":{"line":5,"column":5}},"loc":{"start":{"line":5,"column":24},"end":{"line":7,"column":5}},"line":5}},"branchMap":{},"s":{"0":4,"1":8},"f":{"0":4,"1":8},"b":{},"_coverageSchema":"1a1c01bbd47fc00a2c39e90264f33305004495a9","hash":"538aa99cd7226b96eabc1b2bf9ca76c81f40cef0"}
,"C:\\Users\\Giorgi_Baramidze\\Desktop\\Authcryptosoc\\src\\Service\\Base.js": {"path":"C:\\Users\\Giorgi_Baramidze\\Desktop\\Authcryptosoc\\src\\Service\\Base.js","statementMap":{"0":{"start":{"line":4,"column":8},"end":{"line":4,"column":25}},"1":{"start":{"line":5,"column":8},"end":{"line":5,"column":47}}},"fnMap":{"0":{"name":"(anonymous_0)","decl":{"start":{"line":3,"column":4},"end":{"line":3,"column":5}},"loc":{"start":{"line":3,"column":31},"end":{"line":6,"column":5}},"line":3}},"branchMap":{},"s":{"0":0,"1":0},"f":{"0":0},"b":{},"_coverageSchema":"1a1c01bbd47fc00a2c39e90264f33305004495a9","hash":"2e2203aef729157ff1c1a9d46b89bb15068106fe"}
,"C:\\Users\\Giorgi_Baramidze\\Desktop\\Authcryptosoc\\src\\Service\\Cognito.js": {"path":"C:\\Users\\Giorgi_Baramidze\\Desktop\\Authcryptosoc\\src\\Service\\Cognito.js","statementMap":{"0":{"start":{"line":6,"column":8},"end":{"line":6,"column":16}},"1":{"start":{"line":7,"column":8},"end":{"line":7,"column":58}},"2":{"start":{"line":8,"column":8},"end":{"line":8,"column":71}},"3":{"start":{"line":11,"column":21},"end":{"line":16,"column":9}},"4":{"start":{"line":17,"column":8},"end":{"line":24,"column":9}},"5":{"start":{"line":18,"column":12},"end":{"line":18,"column":63}},"6":{"start":{"line":21,"column":12},"end":{"line":22,"column":62}},"7":{"start":{"line":22,"column":16},"end":{"line":22,"column":62}},"8":{"start":{"line":23,"column":12},"end":{"line":23,"column":46}},"9":{"start":{"line":27,"column":21},"end":{"line":34,"column":9}},"10":{"start":{"line":35,"column":8},"end":{"line":45,"column":9}},"11":{"start":{"line":36,"column":43},"end":{"line":36,"column":99}},"12":{"start":{"line":37,"column":12},"end":{"line":37,"column":94}},"13":{"start":{"line":40,"column":12},"end":{"line":41,"column":61}},"14":{"start":{"line":41,"column":16},"end":{"line":41,"column":61}},"15":{"start":{"line":42,"column":12},"end":{"line":43,"column":64}},"16":{"start":{"line":43,"column":16},"end":{"line":43,"column":64}},"17":{"start":{"line":44,"column":12},"end":{"line":44,"column":46}},"18":{"start":{"line":48,"column":21},"end":{"line":50,"column":9}},"19":{"start":{"line":51,"column":8},"end":{"line":60,"column":9}},"20":{"start":{"line":52,"column":12},"end":{"line":52,"column":67}},"21":{"start":{"line":55,"column":12},"end":{"line":56,"column":62}},"22":{"start":{"line":56,"column":16},"end":{"line":56,"column":62}},"23":{"start":{"line":57,"column":12},"end":{"line":58,"column":60}},"24":{"start":{"line":58,"column":16},"end":{"line":58,"column":60}},"25":{"start":{"line":59,"column":12},"end":{"line":59,"column":46}}},"fnMap":{"0":{"name":"(anonymous_0)","decl":{"start":{"line":5,"column":4},"end":{"line":5,"column":5}},"loc":{"start":{"line":5,"column":18},"end":{"line":9,"column":5}},"line":5},"1":{"name":"(anonymous_1)","decl":{"start":{"line":10,"column":4},"end":{"line":10,"column":5}},"loc":{"start":{"line":10,"column":44},"end":{"line":25,"column":5}},"line":10},"2":{"name":"(anonymous_2)","decl":{"start":{"line":26,"column":4},"end":{"line":26,"column":5}},"loc":{"start":{"line":26,"column":37},"end":{"line":46,"column":5}},"line":26},"3":{"name":"(anonymous_3)","decl":{"start":{"line":47,"column":4},"end":{"line":47,"column":5}},"loc":{"start":{"line":47,"column":24},"end":{"line":61,"column":5}},"line":47}},"branchMap":{"0":{"loc":{"start":{"line":21,"column":12},"end":{"line":22,"column":62}},"type":"if","locations":[{"start":{"line":21,"column":12},"end":{"line":22,"column":62}},{"start":{},"end":{}}],"line":21},"1":{"loc":{"start":{"line":37,"column":19},"end":{"line":37,"column":93}},"type":"cond-expr","locations":[{"start":{"line":37,"column":56},"end":{"line":37,"column":88}},{"start":{"line":37,"column":91},"end":{"line":37,"column":93}}],"line":37},"2":{"loc":{"start":{"line":40,"column":12},"end":{"line":41,"column":61}},"type":"if","locations":[{"start":{"line":40,"column":12},"end":{"line":41,"column":61}},{"start":{},"end":{}}],"line":40},"3":{"loc":{"start":{"line":42,"column":12},"end":{"line":43,"column":64}},"type":"if","locations":[{"start":{"line":42,"column":12},"end":{"line":43,"column":64}},{"start":{},"end":{}}],"line":42},"4":{"loc":{"start":{"line":55,"column":12},"end":{"line":56,"column":62}},"type":"if","locations":[{"start":{"line":55,"column":12},"end":{"line":56,"column":62}},{"start":{},"end":{}}],"line":55},"5":{"loc":{"start":{"line":57,"column":12},"end":{"line":58,"column":60}},"type":"if","locations":[{"start":{"line":57,"column":12},"end":{"line":58,"column":60}},{"start":{},"end":{}}],"line":57}},"s":{"0":2,"1":2,"2":2,"3":5,"4":5,"5":5,"6":1,"7":1,"8":0,"9":7,"10":7,"11":7,"12":4,"13":3,"14":2,"15":1,"16":1,"17":0,"18":0,"19":0,"20":0,"21":0,"22":0,"23":0,"24":0,"25":0},"f":{"0":2,"1":5,"2":7,"3":0},"b":{"0":[1,0],"1":[4,0],"2":[2,1],"3":[1,0],"4":[0,0],"5":[0,0]},"_coverageSchema":"1a1c01bbd47fc00a2c39e90264f33305004495a9","hash":"613b08c4a333b12da1505a71b356925fe92feede"}
}
