TN:
SF:src\Error.js
FN:2,(anonymous_0)
FN:14,(anonymous_1)
FN:17,(anonymous_2)
FN:22,(anonymous_3)
FNF:4
FNH:4
FNDA:4,(anonymous_0)
FNDA:4,(anonymous_1)
FNDA:4,(anonymous_2)
FNDA:2,(anonymous_3)
DA:3,4
DA:4,4
DA:5,4
DA:15,4
DA:18,4
DA:22,2
DA:23,2
DA:24,2
DA:25,2
DA:26,2
DA:27,2
DA:28,2
LF:12
LH:12
BRDA:29,0,0,2
BRDA:29,0,1,2
BRF:2
BRH:2
end_of_record
TN:
SF:src\Setup.js
FN:18,(anonymous_0)
FN:21,(anonymous_1)
FN:24,(anonymous_2)
FN:27,(anonymous_3)
FNF:4
FNH:2
FNDA:5,(anonymous_0)
FNDA:7,(anonymous_1)
FNDA:0,(anonymous_2)
FNDA:0,(anonymous_3)
DA:6,2
DA:7,2
DA:8,2
DA:9,2
DA:10,2
DA:13,2
DA:17,2
DA:18,2
DA:19,5
DA:21,2
DA:22,7
DA:24,2
DA:25,0
DA:27,2
DA:28,0
LF:15
LH:13
BRF:0
BRH:0
end_of_record
TN:
SF:src\Controller\Auth.js
FN:5,(anonymous_0)
FN:7,(anonymous_1)
FN:24,(anonymous_2)
FN:34,(anonymous_3)
FN:45,(anonymous_4)
FN:49,(anonymous_5)
FNF:6
FNH:3
FNDA:2,(anonymous_0)
FNDA:0,(anonymous_1)
FNDA:5,(anonymous_2)
FNDA:7,(anonymous_3)
FNDA:0,(anonymous_4)
FNDA:0,(anonymous_5)
DA:6,2
DA:7,2
DA:8,0
DA:13,0
DA:14,0
DA:15,0
DA:16,0
DA:19,0
DA:22,2
DA:25,5
DA:26,5
DA:27,5
DA:28,4
DA:31,1
DA:35,7
DA:36,7
DA:37,7
DA:38,4
DA:39,4
DA:42,3
DA:46,0
DA:47,0
DA:50,0
DA:51,0
DA:52,0
DA:55,0
DA:56,0
DA:58,0
DA:59,0
DA:60,0
DA:63,0
LF:31
LH:14
BRDA:51,0,0,0
BRDA:51,0,1,0
BRDA:51,1,0,0
BRDA:51,1,1,0
BRF:4
BRH:0
end_of_record
TN:
SF:src\Controller\Base.js
FN:2,(anonymous_0)
FN:5,(anonymous_1)
FNF:2
FNH:2
FNDA:4,(anonymous_0)
FNDA:8,(anonymous_1)
DA:3,4
DA:6,8
LF:2
LH:2
BRF:0
BRH:0
end_of_record
TN:
SF:src\Service\Base.js
FN:3,(anonymous_0)
FNF:1
FNH:0
FNDA:0,(anonymous_0)
DA:4,0
DA:5,0
LF:2
LH:0
BRF:0
BRH:0
end_of_record
TN:
SF:src\Service\Cognito.js
FN:5,(anonymous_0)
FN:10,(anonymous_1)
FN:26,(anonymous_2)
FN:47,(anonymous_3)
FNF:4
FNH:3
FNDA:2,(anonymous_0)
FNDA:5,(anonymous_1)
FNDA:7,(anonymous_2)
FNDA:0,(anonymous_3)
DA:6,2
DA:7,2
DA:8,2
DA:11,5
DA:17,5
DA:18,5
DA:21,1
DA:22,1
DA:23,0
DA:27,7
DA:35,7
DA:36,7
DA:37,4
DA:40,3
DA:41,2
DA:42,1
DA:43,1
DA:44,0
DA:48,0
DA:51,0
DA:52,0
DA:55,0
DA:56,0
DA:57,0
DA:58,0
DA:59,0
LF:26
LH:16
BRDA:21,0,0,1
BRDA:21,0,1,0
BRDA:37,1,0,4
BRDA:37,1,1,0
BRDA:40,2,0,2
BRDA:40,2,1,1
BRDA:42,3,0,1
BRDA:42,3,1,0
BRDA:55,4,0,0
BRDA:55,4,1,0
BRDA:57,5,0,0
BRDA:57,5,1,0
BRF:12
BRH:5
end_of_record
